ARM GAS  C:\Users\mikal\AppData\Local\Temp\cca7VBOd.s 			page 1


   1              		.cpu cortex-m4
   2              		.eabi_attribute 27, 1
   3              		.eabi_attribute 28, 1
   4              		.eabi_attribute 20, 1
   5              		.eabi_attribute 21, 1
   6              		.eabi_attribute 23, 3
   7              		.eabi_attribute 24, 1
   8              		.eabi_attribute 25, 1
   9              		.eabi_attribute 26, 1
  10              		.eabi_attribute 30, 1
  11              		.eabi_attribute 34, 1
  12              		.eabi_attribute 18, 4
  13              		.file	"stm32l4xx_hal_i2c_ex.c"
  14              		.text
  15              	.Ltext0:
  16              		.cfi_sections	.debug_frame
  17              		.section	.text.HAL_I2CEx_ConfigAnalogFilter,"ax",%progbits
  18              		.align	1
  19              		.global	HAL_I2CEx_ConfigAnalogFilter
  20              		.arch armv7e-m
  21              		.syntax unified
  22              		.thumb
  23              		.thumb_func
  24              		.fpu fpv4-sp-d16
  26              	HAL_I2CEx_ConfigAnalogFilter:
  27              	.LVL0:
  28              	.LFB132:
  29              		.file 1 "drivers/STM32L4xx_HAL_Driver/Src/stm32l4xx_hal_i2c_ex.c"
   1:drivers/STM32L4xx_HAL_Driver/Src/stm32l4xx_hal_i2c_ex.c **** /**
   2:drivers/STM32L4xx_HAL_Driver/Src/stm32l4xx_hal_i2c_ex.c ****   ******************************************************************************
   3:drivers/STM32L4xx_HAL_Driver/Src/stm32l4xx_hal_i2c_ex.c ****   * @file    stm32l4xx_hal_i2c_ex.c
   4:drivers/STM32L4xx_HAL_Driver/Src/stm32l4xx_hal_i2c_ex.c ****   * @author  MCD Application Team
   5:drivers/STM32L4xx_HAL_Driver/Src/stm32l4xx_hal_i2c_ex.c ****   * @brief   I2C Extended HAL module driver.
   6:drivers/STM32L4xx_HAL_Driver/Src/stm32l4xx_hal_i2c_ex.c ****   *          This file provides firmware functions to manage the following
   7:drivers/STM32L4xx_HAL_Driver/Src/stm32l4xx_hal_i2c_ex.c ****   *          functionalities of I2C Extended peripheral:
   8:drivers/STM32L4xx_HAL_Driver/Src/stm32l4xx_hal_i2c_ex.c ****   *           + Extended features functions
   9:drivers/STM32L4xx_HAL_Driver/Src/stm32l4xx_hal_i2c_ex.c ****   *
  10:drivers/STM32L4xx_HAL_Driver/Src/stm32l4xx_hal_i2c_ex.c ****   @verbatim
  11:drivers/STM32L4xx_HAL_Driver/Src/stm32l4xx_hal_i2c_ex.c ****   ==============================================================================
  12:drivers/STM32L4xx_HAL_Driver/Src/stm32l4xx_hal_i2c_ex.c ****                ##### I2C peripheral Extended features  #####
  13:drivers/STM32L4xx_HAL_Driver/Src/stm32l4xx_hal_i2c_ex.c ****   ==============================================================================
  14:drivers/STM32L4xx_HAL_Driver/Src/stm32l4xx_hal_i2c_ex.c **** 
  15:drivers/STM32L4xx_HAL_Driver/Src/stm32l4xx_hal_i2c_ex.c ****   [..] Comparing to other previous devices, the I2C interface for STM32L4xx
  16:drivers/STM32L4xx_HAL_Driver/Src/stm32l4xx_hal_i2c_ex.c ****        devices contains the following additional features
  17:drivers/STM32L4xx_HAL_Driver/Src/stm32l4xx_hal_i2c_ex.c **** 
  18:drivers/STM32L4xx_HAL_Driver/Src/stm32l4xx_hal_i2c_ex.c ****        (+) Possibility to disable or enable Analog Noise Filter
  19:drivers/STM32L4xx_HAL_Driver/Src/stm32l4xx_hal_i2c_ex.c ****        (+) Use of a configured Digital Noise Filter
  20:drivers/STM32L4xx_HAL_Driver/Src/stm32l4xx_hal_i2c_ex.c ****        (+) Disable or enable wakeup from Stop mode(s)
  21:drivers/STM32L4xx_HAL_Driver/Src/stm32l4xx_hal_i2c_ex.c ****        (+) Disable or enable Fast Mode Plus
  22:drivers/STM32L4xx_HAL_Driver/Src/stm32l4xx_hal_i2c_ex.c **** 
  23:drivers/STM32L4xx_HAL_Driver/Src/stm32l4xx_hal_i2c_ex.c ****                      ##### How to use this driver #####
  24:drivers/STM32L4xx_HAL_Driver/Src/stm32l4xx_hal_i2c_ex.c ****   ==============================================================================
  25:drivers/STM32L4xx_HAL_Driver/Src/stm32l4xx_hal_i2c_ex.c ****   [..] This driver provides functions to configure Noise Filter and Wake Up Feature
  26:drivers/STM32L4xx_HAL_Driver/Src/stm32l4xx_hal_i2c_ex.c ****     (#) Configure I2C Analog noise filter using the function HAL_I2CEx_ConfigAnalogFilter()
  27:drivers/STM32L4xx_HAL_Driver/Src/stm32l4xx_hal_i2c_ex.c ****     (#) Configure I2C Digital noise filter using the function HAL_I2CEx_ConfigDigitalFilter()
  28:drivers/STM32L4xx_HAL_Driver/Src/stm32l4xx_hal_i2c_ex.c ****     (#) Configure the enable or disable of I2C Wake Up Mode using the functions :
  29:drivers/STM32L4xx_HAL_Driver/Src/stm32l4xx_hal_i2c_ex.c ****           (++) HAL_I2CEx_EnableWakeUp()
ARM GAS  C:\Users\mikal\AppData\Local\Temp\cca7VBOd.s 			page 2


  30:drivers/STM32L4xx_HAL_Driver/Src/stm32l4xx_hal_i2c_ex.c ****           (++) HAL_I2CEx_DisableWakeUp()
  31:drivers/STM32L4xx_HAL_Driver/Src/stm32l4xx_hal_i2c_ex.c ****     (#) Configure the enable or disable of fast mode plus driving capability using the functions :
  32:drivers/STM32L4xx_HAL_Driver/Src/stm32l4xx_hal_i2c_ex.c ****           (++) HAL_I2CEx_EnableFastModePlus()
  33:drivers/STM32L4xx_HAL_Driver/Src/stm32l4xx_hal_i2c_ex.c ****           (++) HAL_I2CEx_DisableFastModePlus()
  34:drivers/STM32L4xx_HAL_Driver/Src/stm32l4xx_hal_i2c_ex.c ****   @endverbatim
  35:drivers/STM32L4xx_HAL_Driver/Src/stm32l4xx_hal_i2c_ex.c ****   ******************************************************************************
  36:drivers/STM32L4xx_HAL_Driver/Src/stm32l4xx_hal_i2c_ex.c ****   * @attention
  37:drivers/STM32L4xx_HAL_Driver/Src/stm32l4xx_hal_i2c_ex.c ****   *
  38:drivers/STM32L4xx_HAL_Driver/Src/stm32l4xx_hal_i2c_ex.c ****   * <h2><center>&copy; Copyright (c) 2017 STMicroelectronics.
  39:drivers/STM32L4xx_HAL_Driver/Src/stm32l4xx_hal_i2c_ex.c ****   * All rights reserved.</center></h2>
  40:drivers/STM32L4xx_HAL_Driver/Src/stm32l4xx_hal_i2c_ex.c ****   *
  41:drivers/STM32L4xx_HAL_Driver/Src/stm32l4xx_hal_i2c_ex.c ****   * This software component is licensed by ST under BSD 3-Clause license,
  42:drivers/STM32L4xx_HAL_Driver/Src/stm32l4xx_hal_i2c_ex.c ****   * the "License"; You may not use this file except in compliance with the
  43:drivers/STM32L4xx_HAL_Driver/Src/stm32l4xx_hal_i2c_ex.c ****   * License. You may obtain a copy of the License at:
  44:drivers/STM32L4xx_HAL_Driver/Src/stm32l4xx_hal_i2c_ex.c ****   *                        opensource.org/licenses/BSD-3-Clause
  45:drivers/STM32L4xx_HAL_Driver/Src/stm32l4xx_hal_i2c_ex.c ****   *
  46:drivers/STM32L4xx_HAL_Driver/Src/stm32l4xx_hal_i2c_ex.c ****   ******************************************************************************
  47:drivers/STM32L4xx_HAL_Driver/Src/stm32l4xx_hal_i2c_ex.c ****   */
  48:drivers/STM32L4xx_HAL_Driver/Src/stm32l4xx_hal_i2c_ex.c **** 
  49:drivers/STM32L4xx_HAL_Driver/Src/stm32l4xx_hal_i2c_ex.c **** /* Includes ------------------------------------------------------------------*/
  50:drivers/STM32L4xx_HAL_Driver/Src/stm32l4xx_hal_i2c_ex.c **** #include "stm32l4xx_hal.h"
  51:drivers/STM32L4xx_HAL_Driver/Src/stm32l4xx_hal_i2c_ex.c **** 
  52:drivers/STM32L4xx_HAL_Driver/Src/stm32l4xx_hal_i2c_ex.c **** /** @addtogroup STM32L4xx_HAL_Driver
  53:drivers/STM32L4xx_HAL_Driver/Src/stm32l4xx_hal_i2c_ex.c ****   * @{
  54:drivers/STM32L4xx_HAL_Driver/Src/stm32l4xx_hal_i2c_ex.c ****   */
  55:drivers/STM32L4xx_HAL_Driver/Src/stm32l4xx_hal_i2c_ex.c **** 
  56:drivers/STM32L4xx_HAL_Driver/Src/stm32l4xx_hal_i2c_ex.c **** /** @defgroup I2CEx I2CEx
  57:drivers/STM32L4xx_HAL_Driver/Src/stm32l4xx_hal_i2c_ex.c ****   * @brief I2C Extended HAL module driver
  58:drivers/STM32L4xx_HAL_Driver/Src/stm32l4xx_hal_i2c_ex.c ****   * @{
  59:drivers/STM32L4xx_HAL_Driver/Src/stm32l4xx_hal_i2c_ex.c ****   */
  60:drivers/STM32L4xx_HAL_Driver/Src/stm32l4xx_hal_i2c_ex.c **** 
  61:drivers/STM32L4xx_HAL_Driver/Src/stm32l4xx_hal_i2c_ex.c **** #ifdef HAL_I2C_MODULE_ENABLED
  62:drivers/STM32L4xx_HAL_Driver/Src/stm32l4xx_hal_i2c_ex.c **** 
  63:drivers/STM32L4xx_HAL_Driver/Src/stm32l4xx_hal_i2c_ex.c **** /* Private typedef -----------------------------------------------------------*/
  64:drivers/STM32L4xx_HAL_Driver/Src/stm32l4xx_hal_i2c_ex.c **** /* Private define ------------------------------------------------------------*/
  65:drivers/STM32L4xx_HAL_Driver/Src/stm32l4xx_hal_i2c_ex.c **** /* Private macro -------------------------------------------------------------*/
  66:drivers/STM32L4xx_HAL_Driver/Src/stm32l4xx_hal_i2c_ex.c **** /* Private variables ---------------------------------------------------------*/
  67:drivers/STM32L4xx_HAL_Driver/Src/stm32l4xx_hal_i2c_ex.c **** /* Private function prototypes -----------------------------------------------*/
  68:drivers/STM32L4xx_HAL_Driver/Src/stm32l4xx_hal_i2c_ex.c **** /* Private functions ---------------------------------------------------------*/
  69:drivers/STM32L4xx_HAL_Driver/Src/stm32l4xx_hal_i2c_ex.c **** 
  70:drivers/STM32L4xx_HAL_Driver/Src/stm32l4xx_hal_i2c_ex.c **** /** @defgroup I2CEx_Exported_Functions I2C Extended Exported Functions
  71:drivers/STM32L4xx_HAL_Driver/Src/stm32l4xx_hal_i2c_ex.c ****   * @{
  72:drivers/STM32L4xx_HAL_Driver/Src/stm32l4xx_hal_i2c_ex.c ****   */
  73:drivers/STM32L4xx_HAL_Driver/Src/stm32l4xx_hal_i2c_ex.c **** 
  74:drivers/STM32L4xx_HAL_Driver/Src/stm32l4xx_hal_i2c_ex.c **** /** @defgroup I2CEx_Exported_Functions_Group1 Extended features functions
  75:drivers/STM32L4xx_HAL_Driver/Src/stm32l4xx_hal_i2c_ex.c ****   * @brief    Extended features functions
  76:drivers/STM32L4xx_HAL_Driver/Src/stm32l4xx_hal_i2c_ex.c ****   *
  77:drivers/STM32L4xx_HAL_Driver/Src/stm32l4xx_hal_i2c_ex.c **** @verbatim
  78:drivers/STM32L4xx_HAL_Driver/Src/stm32l4xx_hal_i2c_ex.c ****  ===============================================================================
  79:drivers/STM32L4xx_HAL_Driver/Src/stm32l4xx_hal_i2c_ex.c ****                       ##### Extended features functions #####
  80:drivers/STM32L4xx_HAL_Driver/Src/stm32l4xx_hal_i2c_ex.c ****  ===============================================================================
  81:drivers/STM32L4xx_HAL_Driver/Src/stm32l4xx_hal_i2c_ex.c ****     [..] This section provides functions allowing to:
  82:drivers/STM32L4xx_HAL_Driver/Src/stm32l4xx_hal_i2c_ex.c ****       (+) Configure Noise Filters
  83:drivers/STM32L4xx_HAL_Driver/Src/stm32l4xx_hal_i2c_ex.c ****       (+) Configure Wake Up Feature
  84:drivers/STM32L4xx_HAL_Driver/Src/stm32l4xx_hal_i2c_ex.c ****       (+) Configure Fast Mode Plus
  85:drivers/STM32L4xx_HAL_Driver/Src/stm32l4xx_hal_i2c_ex.c **** 
  86:drivers/STM32L4xx_HAL_Driver/Src/stm32l4xx_hal_i2c_ex.c **** @endverbatim
ARM GAS  C:\Users\mikal\AppData\Local\Temp\cca7VBOd.s 			page 3


  87:drivers/STM32L4xx_HAL_Driver/Src/stm32l4xx_hal_i2c_ex.c ****   * @{
  88:drivers/STM32L4xx_HAL_Driver/Src/stm32l4xx_hal_i2c_ex.c ****   */
  89:drivers/STM32L4xx_HAL_Driver/Src/stm32l4xx_hal_i2c_ex.c **** 
  90:drivers/STM32L4xx_HAL_Driver/Src/stm32l4xx_hal_i2c_ex.c **** /**
  91:drivers/STM32L4xx_HAL_Driver/Src/stm32l4xx_hal_i2c_ex.c ****   * @brief  Configure I2C Analog noise filter.
  92:drivers/STM32L4xx_HAL_Driver/Src/stm32l4xx_hal_i2c_ex.c ****   * @param  hi2c Pointer to a I2C_HandleTypeDef structure that contains
  93:drivers/STM32L4xx_HAL_Driver/Src/stm32l4xx_hal_i2c_ex.c ****   *                the configuration information for the specified I2Cx peripheral.
  94:drivers/STM32L4xx_HAL_Driver/Src/stm32l4xx_hal_i2c_ex.c ****   * @param  AnalogFilter New state of the Analog filter.
  95:drivers/STM32L4xx_HAL_Driver/Src/stm32l4xx_hal_i2c_ex.c ****   * @retval HAL status
  96:drivers/STM32L4xx_HAL_Driver/Src/stm32l4xx_hal_i2c_ex.c ****   */
  97:drivers/STM32L4xx_HAL_Driver/Src/stm32l4xx_hal_i2c_ex.c **** HAL_StatusTypeDef HAL_I2CEx_ConfigAnalogFilter(I2C_HandleTypeDef *hi2c, uint32_t AnalogFilter)
  98:drivers/STM32L4xx_HAL_Driver/Src/stm32l4xx_hal_i2c_ex.c **** {
  30              		.loc 1 98 1 view -0
  31              		.cfi_startproc
  32              		@ args = 0, pretend = 0, frame = 0
  33              		@ frame_needed = 0, uses_anonymous_args = 0
  34              		@ link register save eliminated.
  99:drivers/STM32L4xx_HAL_Driver/Src/stm32l4xx_hal_i2c_ex.c ****   /* Check the parameters */
 100:drivers/STM32L4xx_HAL_Driver/Src/stm32l4xx_hal_i2c_ex.c ****   assert_param(IS_I2C_ALL_INSTANCE(hi2c->Instance));
  35              		.loc 1 100 3 view .LVU1
 101:drivers/STM32L4xx_HAL_Driver/Src/stm32l4xx_hal_i2c_ex.c ****   assert_param(IS_I2C_ANALOG_FILTER(AnalogFilter));
  36              		.loc 1 101 3 view .LVU2
 102:drivers/STM32L4xx_HAL_Driver/Src/stm32l4xx_hal_i2c_ex.c **** 
 103:drivers/STM32L4xx_HAL_Driver/Src/stm32l4xx_hal_i2c_ex.c ****   if (hi2c->State == HAL_I2C_STATE_READY)
  37              		.loc 1 103 3 view .LVU3
  38              		.loc 1 103 11 is_stmt 0 view .LVU4
  39 0000 90F84130 		ldrb	r3, [r0, #65]	@ zero_extendqisi2
  40 0004 DBB2     		uxtb	r3, r3
  41              		.loc 1 103 6 view .LVU5
  42 0006 202B     		cmp	r3, #32
  43 0008 24D1     		bne	.L3
 104:drivers/STM32L4xx_HAL_Driver/Src/stm32l4xx_hal_i2c_ex.c ****   {
 105:drivers/STM32L4xx_HAL_Driver/Src/stm32l4xx_hal_i2c_ex.c ****     /* Process Locked */
 106:drivers/STM32L4xx_HAL_Driver/Src/stm32l4xx_hal_i2c_ex.c ****     __HAL_LOCK(hi2c);
  44              		.loc 1 106 5 is_stmt 1 view .LVU6
  45              		.loc 1 106 5 view .LVU7
  46 000a 90F84030 		ldrb	r3, [r0, #64]	@ zero_extendqisi2
  47 000e 012B     		cmp	r3, #1
  48 0010 22D0     		beq	.L4
  49              		.loc 1 106 5 discriminator 2 view .LVU8
  50 0012 0123     		movs	r3, #1
  51 0014 80F84030 		strb	r3, [r0, #64]
  52              		.loc 1 106 5 discriminator 2 view .LVU9
 107:drivers/STM32L4xx_HAL_Driver/Src/stm32l4xx_hal_i2c_ex.c **** 
 108:drivers/STM32L4xx_HAL_Driver/Src/stm32l4xx_hal_i2c_ex.c ****     hi2c->State = HAL_I2C_STATE_BUSY;
  53              		.loc 1 108 5 discriminator 2 view .LVU10
  54              		.loc 1 108 17 is_stmt 0 discriminator 2 view .LVU11
  55 0018 2423     		movs	r3, #36
  56 001a 80F84130 		strb	r3, [r0, #65]
 109:drivers/STM32L4xx_HAL_Driver/Src/stm32l4xx_hal_i2c_ex.c **** 
 110:drivers/STM32L4xx_HAL_Driver/Src/stm32l4xx_hal_i2c_ex.c ****     /* Disable the selected I2C peripheral */
 111:drivers/STM32L4xx_HAL_Driver/Src/stm32l4xx_hal_i2c_ex.c ****     __HAL_I2C_DISABLE(hi2c);
  57              		.loc 1 111 5 is_stmt 1 discriminator 2 view .LVU12
  58 001e 0268     		ldr	r2, [r0]
  59 0020 1368     		ldr	r3, [r2]
  60 0022 23F00103 		bic	r3, r3, #1
  61 0026 1360     		str	r3, [r2]
ARM GAS  C:\Users\mikal\AppData\Local\Temp\cca7VBOd.s 			page 4


 112:drivers/STM32L4xx_HAL_Driver/Src/stm32l4xx_hal_i2c_ex.c **** 
 113:drivers/STM32L4xx_HAL_Driver/Src/stm32l4xx_hal_i2c_ex.c ****     /* Reset I2Cx ANOFF bit */
 114:drivers/STM32L4xx_HAL_Driver/Src/stm32l4xx_hal_i2c_ex.c ****     hi2c->Instance->CR1 &= ~(I2C_CR1_ANFOFF);
  62              		.loc 1 114 5 discriminator 2 view .LVU13
  63              		.loc 1 114 9 is_stmt 0 discriminator 2 view .LVU14
  64 0028 0268     		ldr	r2, [r0]
  65              		.loc 1 114 25 discriminator 2 view .LVU15
  66 002a 1368     		ldr	r3, [r2]
  67 002c 23F48053 		bic	r3, r3, #4096
  68 0030 1360     		str	r3, [r2]
 115:drivers/STM32L4xx_HAL_Driver/Src/stm32l4xx_hal_i2c_ex.c **** 
 116:drivers/STM32L4xx_HAL_Driver/Src/stm32l4xx_hal_i2c_ex.c ****     /* Set analog filter bit*/
 117:drivers/STM32L4xx_HAL_Driver/Src/stm32l4xx_hal_i2c_ex.c ****     hi2c->Instance->CR1 |= AnalogFilter;
  69              		.loc 1 117 5 is_stmt 1 discriminator 2 view .LVU16
  70              		.loc 1 117 9 is_stmt 0 discriminator 2 view .LVU17
  71 0032 0268     		ldr	r2, [r0]
  72              		.loc 1 117 25 discriminator 2 view .LVU18
  73 0034 1368     		ldr	r3, [r2]
  74 0036 1943     		orrs	r1, r1, r3
  75              	.LVL1:
  76              		.loc 1 117 25 discriminator 2 view .LVU19
  77 0038 1160     		str	r1, [r2]
 118:drivers/STM32L4xx_HAL_Driver/Src/stm32l4xx_hal_i2c_ex.c **** 
 119:drivers/STM32L4xx_HAL_Driver/Src/stm32l4xx_hal_i2c_ex.c ****     __HAL_I2C_ENABLE(hi2c);
  78              		.loc 1 119 5 is_stmt 1 discriminator 2 view .LVU20
  79 003a 0268     		ldr	r2, [r0]
  80 003c 1368     		ldr	r3, [r2]
  81 003e 43F00103 		orr	r3, r3, #1
  82 0042 1360     		str	r3, [r2]
 120:drivers/STM32L4xx_HAL_Driver/Src/stm32l4xx_hal_i2c_ex.c **** 
 121:drivers/STM32L4xx_HAL_Driver/Src/stm32l4xx_hal_i2c_ex.c ****     hi2c->State = HAL_I2C_STATE_READY;
  83              		.loc 1 121 5 discriminator 2 view .LVU21
  84              		.loc 1 121 17 is_stmt 0 discriminator 2 view .LVU22
  85 0044 2023     		movs	r3, #32
  86 0046 80F84130 		strb	r3, [r0, #65]
 122:drivers/STM32L4xx_HAL_Driver/Src/stm32l4xx_hal_i2c_ex.c **** 
 123:drivers/STM32L4xx_HAL_Driver/Src/stm32l4xx_hal_i2c_ex.c ****     /* Process Unlocked */
 124:drivers/STM32L4xx_HAL_Driver/Src/stm32l4xx_hal_i2c_ex.c ****     __HAL_UNLOCK(hi2c);
  87              		.loc 1 124 5 is_stmt 1 discriminator 2 view .LVU23
  88              		.loc 1 124 5 discriminator 2 view .LVU24
  89 004a 0023     		movs	r3, #0
  90 004c 80F84030 		strb	r3, [r0, #64]
  91              		.loc 1 124 5 discriminator 2 view .LVU25
 125:drivers/STM32L4xx_HAL_Driver/Src/stm32l4xx_hal_i2c_ex.c **** 
 126:drivers/STM32L4xx_HAL_Driver/Src/stm32l4xx_hal_i2c_ex.c ****     return HAL_OK;
  92              		.loc 1 126 5 discriminator 2 view .LVU26
  93              		.loc 1 126 12 is_stmt 0 discriminator 2 view .LVU27
  94 0050 1846     		mov	r0, r3
  95              	.LVL2:
  96              		.loc 1 126 12 discriminator 2 view .LVU28
  97 0052 7047     		bx	lr
  98              	.LVL3:
  99              	.L3:
 127:drivers/STM32L4xx_HAL_Driver/Src/stm32l4xx_hal_i2c_ex.c ****   }
 128:drivers/STM32L4xx_HAL_Driver/Src/stm32l4xx_hal_i2c_ex.c ****   else
 129:drivers/STM32L4xx_HAL_Driver/Src/stm32l4xx_hal_i2c_ex.c ****   {
 130:drivers/STM32L4xx_HAL_Driver/Src/stm32l4xx_hal_i2c_ex.c ****     return HAL_BUSY;
ARM GAS  C:\Users\mikal\AppData\Local\Temp\cca7VBOd.s 			page 5


 100              		.loc 1 130 12 view .LVU29
 101 0054 0220     		movs	r0, #2
 102              	.LVL4:
 103              		.loc 1 130 12 view .LVU30
 104 0056 7047     		bx	lr
 105              	.LVL5:
 106              	.L4:
 106:drivers/STM32L4xx_HAL_Driver/Src/stm32l4xx_hal_i2c_ex.c **** 
 107              		.loc 1 106 5 view .LVU31
 108 0058 0220     		movs	r0, #2
 109              	.LVL6:
 131:drivers/STM32L4xx_HAL_Driver/Src/stm32l4xx_hal_i2c_ex.c ****   }
 132:drivers/STM32L4xx_HAL_Driver/Src/stm32l4xx_hal_i2c_ex.c **** }
 110              		.loc 1 132 1 view .LVU32
 111 005a 7047     		bx	lr
 112              		.cfi_endproc
 113              	.LFE132:
 115              		.section	.text.HAL_I2CEx_ConfigDigitalFilter,"ax",%progbits
 116              		.align	1
 117              		.global	HAL_I2CEx_ConfigDigitalFilter
 118              		.syntax unified
 119              		.thumb
 120              		.thumb_func
 121              		.fpu fpv4-sp-d16
 123              	HAL_I2CEx_ConfigDigitalFilter:
 124              	.LVL7:
 125              	.LFB133:
 133:drivers/STM32L4xx_HAL_Driver/Src/stm32l4xx_hal_i2c_ex.c **** 
 134:drivers/STM32L4xx_HAL_Driver/Src/stm32l4xx_hal_i2c_ex.c **** /**
 135:drivers/STM32L4xx_HAL_Driver/Src/stm32l4xx_hal_i2c_ex.c ****   * @brief  Configure I2C Digital noise filter.
 136:drivers/STM32L4xx_HAL_Driver/Src/stm32l4xx_hal_i2c_ex.c ****   * @param  hi2c Pointer to a I2C_HandleTypeDef structure that contains
 137:drivers/STM32L4xx_HAL_Driver/Src/stm32l4xx_hal_i2c_ex.c ****   *                the configuration information for the specified I2Cx peripheral.
 138:drivers/STM32L4xx_HAL_Driver/Src/stm32l4xx_hal_i2c_ex.c ****   * @param  DigitalFilter Coefficient of digital noise filter between Min_Data=0x00 and Max_Data=0x
 139:drivers/STM32L4xx_HAL_Driver/Src/stm32l4xx_hal_i2c_ex.c ****   * @retval HAL status
 140:drivers/STM32L4xx_HAL_Driver/Src/stm32l4xx_hal_i2c_ex.c ****   */
 141:drivers/STM32L4xx_HAL_Driver/Src/stm32l4xx_hal_i2c_ex.c **** HAL_StatusTypeDef HAL_I2CEx_ConfigDigitalFilter(I2C_HandleTypeDef *hi2c, uint32_t DigitalFilter)
 142:drivers/STM32L4xx_HAL_Driver/Src/stm32l4xx_hal_i2c_ex.c **** {
 126              		.loc 1 142 1 is_stmt 1 view -0
 127              		.cfi_startproc
 128              		@ args = 0, pretend = 0, frame = 0
 129              		@ frame_needed = 0, uses_anonymous_args = 0
 130              		@ link register save eliminated.
 143:drivers/STM32L4xx_HAL_Driver/Src/stm32l4xx_hal_i2c_ex.c ****   uint32_t tmpreg;
 131              		.loc 1 143 3 view .LVU34
 144:drivers/STM32L4xx_HAL_Driver/Src/stm32l4xx_hal_i2c_ex.c **** 
 145:drivers/STM32L4xx_HAL_Driver/Src/stm32l4xx_hal_i2c_ex.c ****   /* Check the parameters */
 146:drivers/STM32L4xx_HAL_Driver/Src/stm32l4xx_hal_i2c_ex.c ****   assert_param(IS_I2C_ALL_INSTANCE(hi2c->Instance));
 132              		.loc 1 146 3 view .LVU35
 147:drivers/STM32L4xx_HAL_Driver/Src/stm32l4xx_hal_i2c_ex.c ****   assert_param(IS_I2C_DIGITAL_FILTER(DigitalFilter));
 133              		.loc 1 147 3 view .LVU36
 148:drivers/STM32L4xx_HAL_Driver/Src/stm32l4xx_hal_i2c_ex.c **** 
 149:drivers/STM32L4xx_HAL_Driver/Src/stm32l4xx_hal_i2c_ex.c ****   if (hi2c->State == HAL_I2C_STATE_READY)
 134              		.loc 1 149 3 view .LVU37
 135              		.loc 1 149 11 is_stmt 0 view .LVU38
 136 0000 90F84130 		ldrb	r3, [r0, #65]	@ zero_extendqisi2
 137 0004 DBB2     		uxtb	r3, r3
 138              		.loc 1 149 6 view .LVU39
ARM GAS  C:\Users\mikal\AppData\Local\Temp\cca7VBOd.s 			page 6


 139 0006 202B     		cmp	r3, #32
 140 0008 22D1     		bne	.L7
 150:drivers/STM32L4xx_HAL_Driver/Src/stm32l4xx_hal_i2c_ex.c ****   {
 151:drivers/STM32L4xx_HAL_Driver/Src/stm32l4xx_hal_i2c_ex.c ****     /* Process Locked */
 152:drivers/STM32L4xx_HAL_Driver/Src/stm32l4xx_hal_i2c_ex.c ****     __HAL_LOCK(hi2c);
 141              		.loc 1 152 5 is_stmt 1 view .LVU40
 142              		.loc 1 152 5 view .LVU41
 143 000a 90F84030 		ldrb	r3, [r0, #64]	@ zero_extendqisi2
 144 000e 012B     		cmp	r3, #1
 145 0010 20D0     		beq	.L8
 146              		.loc 1 152 5 discriminator 2 view .LVU42
 147 0012 0123     		movs	r3, #1
 148 0014 80F84030 		strb	r3, [r0, #64]
 149              		.loc 1 152 5 discriminator 2 view .LVU43
 153:drivers/STM32L4xx_HAL_Driver/Src/stm32l4xx_hal_i2c_ex.c **** 
 154:drivers/STM32L4xx_HAL_Driver/Src/stm32l4xx_hal_i2c_ex.c ****     hi2c->State = HAL_I2C_STATE_BUSY;
 150              		.loc 1 154 5 discriminator 2 view .LVU44
 151              		.loc 1 154 17 is_stmt 0 discriminator 2 view .LVU45
 152 0018 2423     		movs	r3, #36
 153 001a 80F84130 		strb	r3, [r0, #65]
 155:drivers/STM32L4xx_HAL_Driver/Src/stm32l4xx_hal_i2c_ex.c **** 
 156:drivers/STM32L4xx_HAL_Driver/Src/stm32l4xx_hal_i2c_ex.c ****     /* Disable the selected I2C peripheral */
 157:drivers/STM32L4xx_HAL_Driver/Src/stm32l4xx_hal_i2c_ex.c ****     __HAL_I2C_DISABLE(hi2c);
 154              		.loc 1 157 5 is_stmt 1 discriminator 2 view .LVU46
 155 001e 0268     		ldr	r2, [r0]
 156 0020 1368     		ldr	r3, [r2]
 157 0022 23F00103 		bic	r3, r3, #1
 158 0026 1360     		str	r3, [r2]
 158:drivers/STM32L4xx_HAL_Driver/Src/stm32l4xx_hal_i2c_ex.c **** 
 159:drivers/STM32L4xx_HAL_Driver/Src/stm32l4xx_hal_i2c_ex.c ****     /* Get the old register value */
 160:drivers/STM32L4xx_HAL_Driver/Src/stm32l4xx_hal_i2c_ex.c ****     tmpreg = hi2c->Instance->CR1;
 159              		.loc 1 160 5 discriminator 2 view .LVU47
 160              		.loc 1 160 18 is_stmt 0 discriminator 2 view .LVU48
 161 0028 0268     		ldr	r2, [r0]
 162              		.loc 1 160 12 discriminator 2 view .LVU49
 163 002a 1368     		ldr	r3, [r2]
 164              	.LVL8:
 161:drivers/STM32L4xx_HAL_Driver/Src/stm32l4xx_hal_i2c_ex.c **** 
 162:drivers/STM32L4xx_HAL_Driver/Src/stm32l4xx_hal_i2c_ex.c ****     /* Reset I2Cx DNF bits [11:8] */
 163:drivers/STM32L4xx_HAL_Driver/Src/stm32l4xx_hal_i2c_ex.c ****     tmpreg &= ~(I2C_CR1_DNF);
 165              		.loc 1 163 5 is_stmt 1 discriminator 2 view .LVU50
 166              		.loc 1 163 12 is_stmt 0 discriminator 2 view .LVU51
 167 002c 23F47063 		bic	r3, r3, #3840
 168              	.LVL9:
 164:drivers/STM32L4xx_HAL_Driver/Src/stm32l4xx_hal_i2c_ex.c **** 
 165:drivers/STM32L4xx_HAL_Driver/Src/stm32l4xx_hal_i2c_ex.c ****     /* Set I2Cx DNF coefficient */
 166:drivers/STM32L4xx_HAL_Driver/Src/stm32l4xx_hal_i2c_ex.c ****     tmpreg |= DigitalFilter << 8U;
 169              		.loc 1 166 5 is_stmt 1 discriminator 2 view .LVU52
 170              		.loc 1 166 12 is_stmt 0 discriminator 2 view .LVU53
 171 0030 43EA0121 		orr	r1, r3, r1, lsl #8
 172              	.LVL10:
 167:drivers/STM32L4xx_HAL_Driver/Src/stm32l4xx_hal_i2c_ex.c **** 
 168:drivers/STM32L4xx_HAL_Driver/Src/stm32l4xx_hal_i2c_ex.c ****     /* Store the new register value */
 169:drivers/STM32L4xx_HAL_Driver/Src/stm32l4xx_hal_i2c_ex.c ****     hi2c->Instance->CR1 = tmpreg;
 173              		.loc 1 169 5 is_stmt 1 discriminator 2 view .LVU54
 174              		.loc 1 169 25 is_stmt 0 discriminator 2 view .LVU55
 175 0034 1160     		str	r1, [r2]
ARM GAS  C:\Users\mikal\AppData\Local\Temp\cca7VBOd.s 			page 7


 170:drivers/STM32L4xx_HAL_Driver/Src/stm32l4xx_hal_i2c_ex.c **** 
 171:drivers/STM32L4xx_HAL_Driver/Src/stm32l4xx_hal_i2c_ex.c ****     __HAL_I2C_ENABLE(hi2c);
 176              		.loc 1 171 5 is_stmt 1 discriminator 2 view .LVU56
 177 0036 0268     		ldr	r2, [r0]
 178 0038 1368     		ldr	r3, [r2]
 179 003a 43F00103 		orr	r3, r3, #1
 180 003e 1360     		str	r3, [r2]
 172:drivers/STM32L4xx_HAL_Driver/Src/stm32l4xx_hal_i2c_ex.c **** 
 173:drivers/STM32L4xx_HAL_Driver/Src/stm32l4xx_hal_i2c_ex.c ****     hi2c->State = HAL_I2C_STATE_READY;
 181              		.loc 1 173 5 discriminator 2 view .LVU57
 182              		.loc 1 173 17 is_stmt 0 discriminator 2 view .LVU58
 183 0040 2023     		movs	r3, #32
 184 0042 80F84130 		strb	r3, [r0, #65]
 174:drivers/STM32L4xx_HAL_Driver/Src/stm32l4xx_hal_i2c_ex.c **** 
 175:drivers/STM32L4xx_HAL_Driver/Src/stm32l4xx_hal_i2c_ex.c ****     /* Process Unlocked */
 176:drivers/STM32L4xx_HAL_Driver/Src/stm32l4xx_hal_i2c_ex.c ****     __HAL_UNLOCK(hi2c);
 185              		.loc 1 176 5 is_stmt 1 discriminator 2 view .LVU59
 186              		.loc 1 176 5 discriminator 2 view .LVU60
 187 0046 0023     		movs	r3, #0
 188 0048 80F84030 		strb	r3, [r0, #64]
 189              		.loc 1 176 5 discriminator 2 view .LVU61
 177:drivers/STM32L4xx_HAL_Driver/Src/stm32l4xx_hal_i2c_ex.c **** 
 178:drivers/STM32L4xx_HAL_Driver/Src/stm32l4xx_hal_i2c_ex.c ****     return HAL_OK;
 190              		.loc 1 178 5 discriminator 2 view .LVU62
 191              		.loc 1 178 12 is_stmt 0 discriminator 2 view .LVU63
 192 004c 1846     		mov	r0, r3
 193              	.LVL11:
 194              		.loc 1 178 12 discriminator 2 view .LVU64
 195 004e 7047     		bx	lr
 196              	.LVL12:
 197              	.L7:
 179:drivers/STM32L4xx_HAL_Driver/Src/stm32l4xx_hal_i2c_ex.c ****   }
 180:drivers/STM32L4xx_HAL_Driver/Src/stm32l4xx_hal_i2c_ex.c ****   else
 181:drivers/STM32L4xx_HAL_Driver/Src/stm32l4xx_hal_i2c_ex.c ****   {
 182:drivers/STM32L4xx_HAL_Driver/Src/stm32l4xx_hal_i2c_ex.c ****     return HAL_BUSY;
 198              		.loc 1 182 12 view .LVU65
 199 0050 0220     		movs	r0, #2
 200              	.LVL13:
 201              		.loc 1 182 12 view .LVU66
 202 0052 7047     		bx	lr
 203              	.LVL14:
 204              	.L8:
 152:drivers/STM32L4xx_HAL_Driver/Src/stm32l4xx_hal_i2c_ex.c **** 
 205              		.loc 1 152 5 view .LVU67
 206 0054 0220     		movs	r0, #2
 207              	.LVL15:
 183:drivers/STM32L4xx_HAL_Driver/Src/stm32l4xx_hal_i2c_ex.c ****   }
 184:drivers/STM32L4xx_HAL_Driver/Src/stm32l4xx_hal_i2c_ex.c **** }
 208              		.loc 1 184 1 view .LVU68
 209 0056 7047     		bx	lr
 210              		.cfi_endproc
 211              	.LFE133:
 213              		.section	.text.HAL_I2CEx_EnableWakeUp,"ax",%progbits
 214              		.align	1
 215              		.global	HAL_I2CEx_EnableWakeUp
 216              		.syntax unified
 217              		.thumb
ARM GAS  C:\Users\mikal\AppData\Local\Temp\cca7VBOd.s 			page 8


 218              		.thumb_func
 219              		.fpu fpv4-sp-d16
 221              	HAL_I2CEx_EnableWakeUp:
 222              	.LVL16:
 223              	.LFB134:
 185:drivers/STM32L4xx_HAL_Driver/Src/stm32l4xx_hal_i2c_ex.c **** 
 186:drivers/STM32L4xx_HAL_Driver/Src/stm32l4xx_hal_i2c_ex.c **** /**
 187:drivers/STM32L4xx_HAL_Driver/Src/stm32l4xx_hal_i2c_ex.c ****   * @brief  Enable I2C wakeup from Stop mode(s).
 188:drivers/STM32L4xx_HAL_Driver/Src/stm32l4xx_hal_i2c_ex.c ****   * @param  hi2c Pointer to a I2C_HandleTypeDef structure that contains
 189:drivers/STM32L4xx_HAL_Driver/Src/stm32l4xx_hal_i2c_ex.c ****   *                the configuration information for the specified I2Cx peripheral.
 190:drivers/STM32L4xx_HAL_Driver/Src/stm32l4xx_hal_i2c_ex.c ****   * @retval HAL status
 191:drivers/STM32L4xx_HAL_Driver/Src/stm32l4xx_hal_i2c_ex.c ****   */
 192:drivers/STM32L4xx_HAL_Driver/Src/stm32l4xx_hal_i2c_ex.c **** HAL_StatusTypeDef HAL_I2CEx_EnableWakeUp(I2C_HandleTypeDef *hi2c)
 193:drivers/STM32L4xx_HAL_Driver/Src/stm32l4xx_hal_i2c_ex.c **** {
 224              		.loc 1 193 1 is_stmt 1 view -0
 225              		.cfi_startproc
 226              		@ args = 0, pretend = 0, frame = 0
 227              		@ frame_needed = 0, uses_anonymous_args = 0
 228              		@ link register save eliminated.
 194:drivers/STM32L4xx_HAL_Driver/Src/stm32l4xx_hal_i2c_ex.c ****   /* Check the parameters */
 195:drivers/STM32L4xx_HAL_Driver/Src/stm32l4xx_hal_i2c_ex.c ****   assert_param(IS_I2C_WAKEUP_FROMSTOP_INSTANCE(hi2c->Instance));
 229              		.loc 1 195 3 view .LVU70
 196:drivers/STM32L4xx_HAL_Driver/Src/stm32l4xx_hal_i2c_ex.c **** 
 197:drivers/STM32L4xx_HAL_Driver/Src/stm32l4xx_hal_i2c_ex.c ****   if (hi2c->State == HAL_I2C_STATE_READY)
 230              		.loc 1 197 3 view .LVU71
 231              		.loc 1 197 11 is_stmt 0 view .LVU72
 232 0000 90F84130 		ldrb	r3, [r0, #65]	@ zero_extendqisi2
 233 0004 DBB2     		uxtb	r3, r3
 234              		.loc 1 197 6 view .LVU73
 235 0006 202B     		cmp	r3, #32
 236 0008 20D1     		bne	.L11
 198:drivers/STM32L4xx_HAL_Driver/Src/stm32l4xx_hal_i2c_ex.c ****   {
 199:drivers/STM32L4xx_HAL_Driver/Src/stm32l4xx_hal_i2c_ex.c ****     /* Process Locked */
 200:drivers/STM32L4xx_HAL_Driver/Src/stm32l4xx_hal_i2c_ex.c ****     __HAL_LOCK(hi2c);
 237              		.loc 1 200 5 is_stmt 1 view .LVU74
 238              		.loc 1 200 5 view .LVU75
 239 000a 90F84030 		ldrb	r3, [r0, #64]	@ zero_extendqisi2
 240 000e 012B     		cmp	r3, #1
 241 0010 1ED0     		beq	.L12
 242              		.loc 1 200 5 discriminator 2 view .LVU76
 243 0012 0123     		movs	r3, #1
 244 0014 80F84030 		strb	r3, [r0, #64]
 245              		.loc 1 200 5 discriminator 2 view .LVU77
 201:drivers/STM32L4xx_HAL_Driver/Src/stm32l4xx_hal_i2c_ex.c **** 
 202:drivers/STM32L4xx_HAL_Driver/Src/stm32l4xx_hal_i2c_ex.c ****     hi2c->State = HAL_I2C_STATE_BUSY;
 246              		.loc 1 202 5 discriminator 2 view .LVU78
 247              		.loc 1 202 17 is_stmt 0 discriminator 2 view .LVU79
 248 0018 2423     		movs	r3, #36
 249 001a 80F84130 		strb	r3, [r0, #65]
 203:drivers/STM32L4xx_HAL_Driver/Src/stm32l4xx_hal_i2c_ex.c **** 
 204:drivers/STM32L4xx_HAL_Driver/Src/stm32l4xx_hal_i2c_ex.c ****     /* Disable the selected I2C peripheral */
 205:drivers/STM32L4xx_HAL_Driver/Src/stm32l4xx_hal_i2c_ex.c ****     __HAL_I2C_DISABLE(hi2c);
 250              		.loc 1 205 5 is_stmt 1 discriminator 2 view .LVU80
 251 001e 0268     		ldr	r2, [r0]
 252 0020 1368     		ldr	r3, [r2]
 253 0022 23F00103 		bic	r3, r3, #1
 254 0026 1360     		str	r3, [r2]
ARM GAS  C:\Users\mikal\AppData\Local\Temp\cca7VBOd.s 			page 9


 206:drivers/STM32L4xx_HAL_Driver/Src/stm32l4xx_hal_i2c_ex.c **** 
 207:drivers/STM32L4xx_HAL_Driver/Src/stm32l4xx_hal_i2c_ex.c ****     /* Enable wakeup from stop mode */
 208:drivers/STM32L4xx_HAL_Driver/Src/stm32l4xx_hal_i2c_ex.c ****     hi2c->Instance->CR1 |= I2C_CR1_WUPEN;
 255              		.loc 1 208 5 discriminator 2 view .LVU81
 256              		.loc 1 208 9 is_stmt 0 discriminator 2 view .LVU82
 257 0028 0268     		ldr	r2, [r0]
 258              		.loc 1 208 25 discriminator 2 view .LVU83
 259 002a 1368     		ldr	r3, [r2]
 260 002c 43F48023 		orr	r3, r3, #262144
 261 0030 1360     		str	r3, [r2]
 209:drivers/STM32L4xx_HAL_Driver/Src/stm32l4xx_hal_i2c_ex.c **** 
 210:drivers/STM32L4xx_HAL_Driver/Src/stm32l4xx_hal_i2c_ex.c ****     __HAL_I2C_ENABLE(hi2c);
 262              		.loc 1 210 5 is_stmt 1 discriminator 2 view .LVU84
 263 0032 0268     		ldr	r2, [r0]
 264 0034 1368     		ldr	r3, [r2]
 265 0036 43F00103 		orr	r3, r3, #1
 266 003a 1360     		str	r3, [r2]
 211:drivers/STM32L4xx_HAL_Driver/Src/stm32l4xx_hal_i2c_ex.c **** 
 212:drivers/STM32L4xx_HAL_Driver/Src/stm32l4xx_hal_i2c_ex.c ****     hi2c->State = HAL_I2C_STATE_READY;
 267              		.loc 1 212 5 discriminator 2 view .LVU85
 268              		.loc 1 212 17 is_stmt 0 discriminator 2 view .LVU86
 269 003c 2023     		movs	r3, #32
 270 003e 80F84130 		strb	r3, [r0, #65]
 213:drivers/STM32L4xx_HAL_Driver/Src/stm32l4xx_hal_i2c_ex.c **** 
 214:drivers/STM32L4xx_HAL_Driver/Src/stm32l4xx_hal_i2c_ex.c ****     /* Process Unlocked */
 215:drivers/STM32L4xx_HAL_Driver/Src/stm32l4xx_hal_i2c_ex.c ****     __HAL_UNLOCK(hi2c);
 271              		.loc 1 215 5 is_stmt 1 discriminator 2 view .LVU87
 272              		.loc 1 215 5 discriminator 2 view .LVU88
 273 0042 0023     		movs	r3, #0
 274 0044 80F84030 		strb	r3, [r0, #64]
 275              		.loc 1 215 5 discriminator 2 view .LVU89
 216:drivers/STM32L4xx_HAL_Driver/Src/stm32l4xx_hal_i2c_ex.c **** 
 217:drivers/STM32L4xx_HAL_Driver/Src/stm32l4xx_hal_i2c_ex.c ****     return HAL_OK;
 276              		.loc 1 217 5 discriminator 2 view .LVU90
 277              		.loc 1 217 12 is_stmt 0 discriminator 2 view .LVU91
 278 0048 1846     		mov	r0, r3
 279              	.LVL17:
 280              		.loc 1 217 12 discriminator 2 view .LVU92
 281 004a 7047     		bx	lr
 282              	.LVL18:
 283              	.L11:
 218:drivers/STM32L4xx_HAL_Driver/Src/stm32l4xx_hal_i2c_ex.c ****   }
 219:drivers/STM32L4xx_HAL_Driver/Src/stm32l4xx_hal_i2c_ex.c ****   else
 220:drivers/STM32L4xx_HAL_Driver/Src/stm32l4xx_hal_i2c_ex.c ****   {
 221:drivers/STM32L4xx_HAL_Driver/Src/stm32l4xx_hal_i2c_ex.c ****     return HAL_BUSY;
 284              		.loc 1 221 12 view .LVU93
 285 004c 0220     		movs	r0, #2
 286              	.LVL19:
 287              		.loc 1 221 12 view .LVU94
 288 004e 7047     		bx	lr
 289              	.LVL20:
 290              	.L12:
 200:drivers/STM32L4xx_HAL_Driver/Src/stm32l4xx_hal_i2c_ex.c **** 
 291              		.loc 1 200 5 view .LVU95
 292 0050 0220     		movs	r0, #2
 293              	.LVL21:
 222:drivers/STM32L4xx_HAL_Driver/Src/stm32l4xx_hal_i2c_ex.c ****   }
ARM GAS  C:\Users\mikal\AppData\Local\Temp\cca7VBOd.s 			page 10


 223:drivers/STM32L4xx_HAL_Driver/Src/stm32l4xx_hal_i2c_ex.c **** }
 294              		.loc 1 223 1 view .LVU96
 295 0052 7047     		bx	lr
 296              		.cfi_endproc
 297              	.LFE134:
 299              		.section	.text.HAL_I2CEx_DisableWakeUp,"ax",%progbits
 300              		.align	1
 301              		.global	HAL_I2CEx_DisableWakeUp
 302              		.syntax unified
 303              		.thumb
 304              		.thumb_func
 305              		.fpu fpv4-sp-d16
 307              	HAL_I2CEx_DisableWakeUp:
 308              	.LVL22:
 309              	.LFB135:
 224:drivers/STM32L4xx_HAL_Driver/Src/stm32l4xx_hal_i2c_ex.c **** 
 225:drivers/STM32L4xx_HAL_Driver/Src/stm32l4xx_hal_i2c_ex.c **** /**
 226:drivers/STM32L4xx_HAL_Driver/Src/stm32l4xx_hal_i2c_ex.c ****   * @brief  Disable I2C wakeup from Stop mode(s).
 227:drivers/STM32L4xx_HAL_Driver/Src/stm32l4xx_hal_i2c_ex.c ****   * @param  hi2c Pointer to a I2C_HandleTypeDef structure that contains
 228:drivers/STM32L4xx_HAL_Driver/Src/stm32l4xx_hal_i2c_ex.c ****   *                the configuration information for the specified I2Cx peripheral.
 229:drivers/STM32L4xx_HAL_Driver/Src/stm32l4xx_hal_i2c_ex.c ****   * @retval HAL status
 230:drivers/STM32L4xx_HAL_Driver/Src/stm32l4xx_hal_i2c_ex.c ****   */
 231:drivers/STM32L4xx_HAL_Driver/Src/stm32l4xx_hal_i2c_ex.c **** HAL_StatusTypeDef HAL_I2CEx_DisableWakeUp(I2C_HandleTypeDef *hi2c)
 232:drivers/STM32L4xx_HAL_Driver/Src/stm32l4xx_hal_i2c_ex.c **** {
 310              		.loc 1 232 1 is_stmt 1 view -0
 311              		.cfi_startproc
 312              		@ args = 0, pretend = 0, frame = 0
 313              		@ frame_needed = 0, uses_anonymous_args = 0
 314              		@ link register save eliminated.
 233:drivers/STM32L4xx_HAL_Driver/Src/stm32l4xx_hal_i2c_ex.c ****   /* Check the parameters */
 234:drivers/STM32L4xx_HAL_Driver/Src/stm32l4xx_hal_i2c_ex.c ****   assert_param(IS_I2C_WAKEUP_FROMSTOP_INSTANCE(hi2c->Instance));
 315              		.loc 1 234 3 view .LVU98
 235:drivers/STM32L4xx_HAL_Driver/Src/stm32l4xx_hal_i2c_ex.c **** 
 236:drivers/STM32L4xx_HAL_Driver/Src/stm32l4xx_hal_i2c_ex.c ****   if (hi2c->State == HAL_I2C_STATE_READY)
 316              		.loc 1 236 3 view .LVU99
 317              		.loc 1 236 11 is_stmt 0 view .LVU100
 318 0000 90F84130 		ldrb	r3, [r0, #65]	@ zero_extendqisi2
 319 0004 DBB2     		uxtb	r3, r3
 320              		.loc 1 236 6 view .LVU101
 321 0006 202B     		cmp	r3, #32
 322 0008 20D1     		bne	.L15
 237:drivers/STM32L4xx_HAL_Driver/Src/stm32l4xx_hal_i2c_ex.c ****   {
 238:drivers/STM32L4xx_HAL_Driver/Src/stm32l4xx_hal_i2c_ex.c ****     /* Process Locked */
 239:drivers/STM32L4xx_HAL_Driver/Src/stm32l4xx_hal_i2c_ex.c ****     __HAL_LOCK(hi2c);
 323              		.loc 1 239 5 is_stmt 1 view .LVU102
 324              		.loc 1 239 5 view .LVU103
 325 000a 90F84030 		ldrb	r3, [r0, #64]	@ zero_extendqisi2
 326 000e 012B     		cmp	r3, #1
 327 0010 1ED0     		beq	.L16
 328              		.loc 1 239 5 discriminator 2 view .LVU104
 329 0012 0123     		movs	r3, #1
 330 0014 80F84030 		strb	r3, [r0, #64]
 331              		.loc 1 239 5 discriminator 2 view .LVU105
 240:drivers/STM32L4xx_HAL_Driver/Src/stm32l4xx_hal_i2c_ex.c **** 
 241:drivers/STM32L4xx_HAL_Driver/Src/stm32l4xx_hal_i2c_ex.c ****     hi2c->State = HAL_I2C_STATE_BUSY;
 332              		.loc 1 241 5 discriminator 2 view .LVU106
 333              		.loc 1 241 17 is_stmt 0 discriminator 2 view .LVU107
ARM GAS  C:\Users\mikal\AppData\Local\Temp\cca7VBOd.s 			page 11


 334 0018 2423     		movs	r3, #36
 335 001a 80F84130 		strb	r3, [r0, #65]
 242:drivers/STM32L4xx_HAL_Driver/Src/stm32l4xx_hal_i2c_ex.c **** 
 243:drivers/STM32L4xx_HAL_Driver/Src/stm32l4xx_hal_i2c_ex.c ****     /* Disable the selected I2C peripheral */
 244:drivers/STM32L4xx_HAL_Driver/Src/stm32l4xx_hal_i2c_ex.c ****     __HAL_I2C_DISABLE(hi2c);
 336              		.loc 1 244 5 is_stmt 1 discriminator 2 view .LVU108
 337 001e 0268     		ldr	r2, [r0]
 338 0020 1368     		ldr	r3, [r2]
 339 0022 23F00103 		bic	r3, r3, #1
 340 0026 1360     		str	r3, [r2]
 245:drivers/STM32L4xx_HAL_Driver/Src/stm32l4xx_hal_i2c_ex.c **** 
 246:drivers/STM32L4xx_HAL_Driver/Src/stm32l4xx_hal_i2c_ex.c ****     /* Enable wakeup from stop mode */
 247:drivers/STM32L4xx_HAL_Driver/Src/stm32l4xx_hal_i2c_ex.c ****     hi2c->Instance->CR1 &= ~(I2C_CR1_WUPEN);
 341              		.loc 1 247 5 discriminator 2 view .LVU109
 342              		.loc 1 247 9 is_stmt 0 discriminator 2 view .LVU110
 343 0028 0268     		ldr	r2, [r0]
 344              		.loc 1 247 25 discriminator 2 view .LVU111
 345 002a 1368     		ldr	r3, [r2]
 346 002c 23F48023 		bic	r3, r3, #262144
 347 0030 1360     		str	r3, [r2]
 248:drivers/STM32L4xx_HAL_Driver/Src/stm32l4xx_hal_i2c_ex.c **** 
 249:drivers/STM32L4xx_HAL_Driver/Src/stm32l4xx_hal_i2c_ex.c ****     __HAL_I2C_ENABLE(hi2c);
 348              		.loc 1 249 5 is_stmt 1 discriminator 2 view .LVU112
 349 0032 0268     		ldr	r2, [r0]
 350 0034 1368     		ldr	r3, [r2]
 351 0036 43F00103 		orr	r3, r3, #1
 352 003a 1360     		str	r3, [r2]
 250:drivers/STM32L4xx_HAL_Driver/Src/stm32l4xx_hal_i2c_ex.c **** 
 251:drivers/STM32L4xx_HAL_Driver/Src/stm32l4xx_hal_i2c_ex.c ****     hi2c->State = HAL_I2C_STATE_READY;
 353              		.loc 1 251 5 discriminator 2 view .LVU113
 354              		.loc 1 251 17 is_stmt 0 discriminator 2 view .LVU114
 355 003c 2023     		movs	r3, #32
 356 003e 80F84130 		strb	r3, [r0, #65]
 252:drivers/STM32L4xx_HAL_Driver/Src/stm32l4xx_hal_i2c_ex.c **** 
 253:drivers/STM32L4xx_HAL_Driver/Src/stm32l4xx_hal_i2c_ex.c ****     /* Process Unlocked */
 254:drivers/STM32L4xx_HAL_Driver/Src/stm32l4xx_hal_i2c_ex.c ****     __HAL_UNLOCK(hi2c);
 357              		.loc 1 254 5 is_stmt 1 discriminator 2 view .LVU115
 358              		.loc 1 254 5 discriminator 2 view .LVU116
 359 0042 0023     		movs	r3, #0
 360 0044 80F84030 		strb	r3, [r0, #64]
 361              		.loc 1 254 5 discriminator 2 view .LVU117
 255:drivers/STM32L4xx_HAL_Driver/Src/stm32l4xx_hal_i2c_ex.c **** 
 256:drivers/STM32L4xx_HAL_Driver/Src/stm32l4xx_hal_i2c_ex.c ****     return HAL_OK;
 362              		.loc 1 256 5 discriminator 2 view .LVU118
 363              		.loc 1 256 12 is_stmt 0 discriminator 2 view .LVU119
 364 0048 1846     		mov	r0, r3
 365              	.LVL23:
 366              		.loc 1 256 12 discriminator 2 view .LVU120
 367 004a 7047     		bx	lr
 368              	.LVL24:
 369              	.L15:
 257:drivers/STM32L4xx_HAL_Driver/Src/stm32l4xx_hal_i2c_ex.c ****   }
 258:drivers/STM32L4xx_HAL_Driver/Src/stm32l4xx_hal_i2c_ex.c ****   else
 259:drivers/STM32L4xx_HAL_Driver/Src/stm32l4xx_hal_i2c_ex.c ****   {
 260:drivers/STM32L4xx_HAL_Driver/Src/stm32l4xx_hal_i2c_ex.c ****     return HAL_BUSY;
 370              		.loc 1 260 12 view .LVU121
 371 004c 0220     		movs	r0, #2
ARM GAS  C:\Users\mikal\AppData\Local\Temp\cca7VBOd.s 			page 12


 372              	.LVL25:
 373              		.loc 1 260 12 view .LVU122
 374 004e 7047     		bx	lr
 375              	.LVL26:
 376              	.L16:
 239:drivers/STM32L4xx_HAL_Driver/Src/stm32l4xx_hal_i2c_ex.c **** 
 377              		.loc 1 239 5 view .LVU123
 378 0050 0220     		movs	r0, #2
 379              	.LVL27:
 261:drivers/STM32L4xx_HAL_Driver/Src/stm32l4xx_hal_i2c_ex.c ****   }
 262:drivers/STM32L4xx_HAL_Driver/Src/stm32l4xx_hal_i2c_ex.c **** }
 380              		.loc 1 262 1 view .LVU124
 381 0052 7047     		bx	lr
 382              		.cfi_endproc
 383              	.LFE135:
 385              		.section	.text.HAL_I2CEx_EnableFastModePlus,"ax",%progbits
 386              		.align	1
 387              		.global	HAL_I2CEx_EnableFastModePlus
 388              		.syntax unified
 389              		.thumb
 390              		.thumb_func
 391              		.fpu fpv4-sp-d16
 393              	HAL_I2CEx_EnableFastModePlus:
 394              	.LVL28:
 395              	.LFB136:
 263:drivers/STM32L4xx_HAL_Driver/Src/stm32l4xx_hal_i2c_ex.c **** 
 264:drivers/STM32L4xx_HAL_Driver/Src/stm32l4xx_hal_i2c_ex.c **** /**
 265:drivers/STM32L4xx_HAL_Driver/Src/stm32l4xx_hal_i2c_ex.c ****   * @brief Enable the I2C fast mode plus driving capability.
 266:drivers/STM32L4xx_HAL_Driver/Src/stm32l4xx_hal_i2c_ex.c ****   * @param ConfigFastModePlus Selects the pin.
 267:drivers/STM32L4xx_HAL_Driver/Src/stm32l4xx_hal_i2c_ex.c ****   *   This parameter can be one of the @ref I2CEx_FastModePlus values
 268:drivers/STM32L4xx_HAL_Driver/Src/stm32l4xx_hal_i2c_ex.c ****   * @note  For I2C1, fast mode plus driving capability can be enabled on all selected
 269:drivers/STM32L4xx_HAL_Driver/Src/stm32l4xx_hal_i2c_ex.c ****   *        I2C1 pins using I2C_FASTMODEPLUS_I2C1 parameter or independently
 270:drivers/STM32L4xx_HAL_Driver/Src/stm32l4xx_hal_i2c_ex.c ****   *        on each one of the following pins PB6, PB7, PB8 and PB9.
 271:drivers/STM32L4xx_HAL_Driver/Src/stm32l4xx_hal_i2c_ex.c ****   * @note  For remaining I2C1 pins (PA14, PA15...) fast mode plus driving capability
 272:drivers/STM32L4xx_HAL_Driver/Src/stm32l4xx_hal_i2c_ex.c ****   *        can be enabled only by using I2C_FASTMODEPLUS_I2C1 parameter.
 273:drivers/STM32L4xx_HAL_Driver/Src/stm32l4xx_hal_i2c_ex.c ****   * @note  For all I2C2 pins fast mode plus driving capability can be enabled
 274:drivers/STM32L4xx_HAL_Driver/Src/stm32l4xx_hal_i2c_ex.c ****   *        only by using I2C_FASTMODEPLUS_I2C2 parameter.
 275:drivers/STM32L4xx_HAL_Driver/Src/stm32l4xx_hal_i2c_ex.c ****   * @note  For all I2C3 pins fast mode plus driving capability can be enabled
 276:drivers/STM32L4xx_HAL_Driver/Src/stm32l4xx_hal_i2c_ex.c ****   *        only by using I2C_FASTMODEPLUS_I2C3 parameter.
 277:drivers/STM32L4xx_HAL_Driver/Src/stm32l4xx_hal_i2c_ex.c ****   * @note  For all I2C4 pins fast mode plus driving capability can be enabled
 278:drivers/STM32L4xx_HAL_Driver/Src/stm32l4xx_hal_i2c_ex.c ****   *        only by using I2C_FASTMODEPLUS_I2C4 parameter.
 279:drivers/STM32L4xx_HAL_Driver/Src/stm32l4xx_hal_i2c_ex.c ****   * @retval None
 280:drivers/STM32L4xx_HAL_Driver/Src/stm32l4xx_hal_i2c_ex.c ****   */
 281:drivers/STM32L4xx_HAL_Driver/Src/stm32l4xx_hal_i2c_ex.c **** void HAL_I2CEx_EnableFastModePlus(uint32_t ConfigFastModePlus)
 282:drivers/STM32L4xx_HAL_Driver/Src/stm32l4xx_hal_i2c_ex.c **** {
 396              		.loc 1 282 1 is_stmt 1 view -0
 397              		.cfi_startproc
 398              		@ args = 0, pretend = 0, frame = 8
 399              		@ frame_needed = 0, uses_anonymous_args = 0
 400              		@ link register save eliminated.
 401              		.loc 1 282 1 is_stmt 0 view .LVU126
 402 0000 82B0     		sub	sp, sp, #8
 403              	.LCFI0:
 404              		.cfi_def_cfa_offset 8
 283:drivers/STM32L4xx_HAL_Driver/Src/stm32l4xx_hal_i2c_ex.c ****   /* Check the parameter */
 284:drivers/STM32L4xx_HAL_Driver/Src/stm32l4xx_hal_i2c_ex.c ****   assert_param(IS_I2C_FASTMODEPLUS(ConfigFastModePlus));
 405              		.loc 1 284 3 is_stmt 1 view .LVU127
ARM GAS  C:\Users\mikal\AppData\Local\Temp\cca7VBOd.s 			page 13


 285:drivers/STM32L4xx_HAL_Driver/Src/stm32l4xx_hal_i2c_ex.c **** 
 286:drivers/STM32L4xx_HAL_Driver/Src/stm32l4xx_hal_i2c_ex.c ****   /* Enable SYSCFG clock */
 287:drivers/STM32L4xx_HAL_Driver/Src/stm32l4xx_hal_i2c_ex.c ****   __HAL_RCC_SYSCFG_CLK_ENABLE();
 406              		.loc 1 287 3 view .LVU128
 407              	.LBB2:
 408              		.loc 1 287 3 view .LVU129
 409              		.loc 1 287 3 view .LVU130
 410 0002 084A     		ldr	r2, .L19
 411 0004 116E     		ldr	r1, [r2, #96]
 412 0006 41F00101 		orr	r1, r1, #1
 413 000a 1166     		str	r1, [r2, #96]
 414              		.loc 1 287 3 view .LVU131
 415 000c 126E     		ldr	r2, [r2, #96]
 416 000e 02F00102 		and	r2, r2, #1
 417 0012 0192     		str	r2, [sp, #4]
 418              		.loc 1 287 3 view .LVU132
 419 0014 019B     		ldr	r3, [sp, #4]
 420              	.LBE2:
 421              		.loc 1 287 3 view .LVU133
 288:drivers/STM32L4xx_HAL_Driver/Src/stm32l4xx_hal_i2c_ex.c **** 
 289:drivers/STM32L4xx_HAL_Driver/Src/stm32l4xx_hal_i2c_ex.c ****   /* Enable fast mode plus driving capability for selected pin */
 290:drivers/STM32L4xx_HAL_Driver/Src/stm32l4xx_hal_i2c_ex.c ****   SET_BIT(SYSCFG->CFGR1, (uint32_t)ConfigFastModePlus);
 422              		.loc 1 290 3 view .LVU134
 423 0016 044A     		ldr	r2, .L19+4
 424 0018 5368     		ldr	r3, [r2, #4]
 425 001a 0343     		orrs	r3, r3, r0
 426 001c 5360     		str	r3, [r2, #4]
 291:drivers/STM32L4xx_HAL_Driver/Src/stm32l4xx_hal_i2c_ex.c **** }
 427              		.loc 1 291 1 is_stmt 0 view .LVU135
 428 001e 02B0     		add	sp, sp, #8
 429              	.LCFI1:
 430              		.cfi_def_cfa_offset 0
 431              		@ sp needed
 432 0020 7047     		bx	lr
 433              	.L20:
 434 0022 00BF     		.align	2
 435              	.L19:
 436 0024 00100240 		.word	1073876992
 437 0028 00000140 		.word	1073807360
 438              		.cfi_endproc
 439              	.LFE136:
 441              		.section	.text.HAL_I2CEx_DisableFastModePlus,"ax",%progbits
 442              		.align	1
 443              		.global	HAL_I2CEx_DisableFastModePlus
 444              		.syntax unified
 445              		.thumb
 446              		.thumb_func
 447              		.fpu fpv4-sp-d16
 449              	HAL_I2CEx_DisableFastModePlus:
 450              	.LVL29:
 451              	.LFB137:
 292:drivers/STM32L4xx_HAL_Driver/Src/stm32l4xx_hal_i2c_ex.c **** 
 293:drivers/STM32L4xx_HAL_Driver/Src/stm32l4xx_hal_i2c_ex.c **** /**
 294:drivers/STM32L4xx_HAL_Driver/Src/stm32l4xx_hal_i2c_ex.c ****   * @brief Disable the I2C fast mode plus driving capability.
 295:drivers/STM32L4xx_HAL_Driver/Src/stm32l4xx_hal_i2c_ex.c ****   * @param ConfigFastModePlus Selects the pin.
 296:drivers/STM32L4xx_HAL_Driver/Src/stm32l4xx_hal_i2c_ex.c ****   *   This parameter can be one of the @ref I2CEx_FastModePlus values
 297:drivers/STM32L4xx_HAL_Driver/Src/stm32l4xx_hal_i2c_ex.c ****   * @note  For I2C1, fast mode plus driving capability can be disabled on all selected
ARM GAS  C:\Users\mikal\AppData\Local\Temp\cca7VBOd.s 			page 14


 298:drivers/STM32L4xx_HAL_Driver/Src/stm32l4xx_hal_i2c_ex.c ****   *        I2C1 pins using I2C_FASTMODEPLUS_I2C1 parameter or independently
 299:drivers/STM32L4xx_HAL_Driver/Src/stm32l4xx_hal_i2c_ex.c ****   *        on each one of the following pins PB6, PB7, PB8 and PB9.
 300:drivers/STM32L4xx_HAL_Driver/Src/stm32l4xx_hal_i2c_ex.c ****   * @note  For remaining I2C1 pins (PA14, PA15...) fast mode plus driving capability
 301:drivers/STM32L4xx_HAL_Driver/Src/stm32l4xx_hal_i2c_ex.c ****   *        can be disabled only by using I2C_FASTMODEPLUS_I2C1 parameter.
 302:drivers/STM32L4xx_HAL_Driver/Src/stm32l4xx_hal_i2c_ex.c ****   * @note  For all I2C2 pins fast mode plus driving capability can be disabled
 303:drivers/STM32L4xx_HAL_Driver/Src/stm32l4xx_hal_i2c_ex.c ****   *        only by using I2C_FASTMODEPLUS_I2C2 parameter.
 304:drivers/STM32L4xx_HAL_Driver/Src/stm32l4xx_hal_i2c_ex.c ****   * @note  For all I2C3 pins fast mode plus driving capability can be disabled
 305:drivers/STM32L4xx_HAL_Driver/Src/stm32l4xx_hal_i2c_ex.c ****   *        only by using I2C_FASTMODEPLUS_I2C3 parameter.
 306:drivers/STM32L4xx_HAL_Driver/Src/stm32l4xx_hal_i2c_ex.c ****   * @note  For all I2C4 pins fast mode plus driving capability can be disabled
 307:drivers/STM32L4xx_HAL_Driver/Src/stm32l4xx_hal_i2c_ex.c ****   *        only by using I2C_FASTMODEPLUS_I2C4 parameter.
 308:drivers/STM32L4xx_HAL_Driver/Src/stm32l4xx_hal_i2c_ex.c ****   * @retval None
 309:drivers/STM32L4xx_HAL_Driver/Src/stm32l4xx_hal_i2c_ex.c ****   */
 310:drivers/STM32L4xx_HAL_Driver/Src/stm32l4xx_hal_i2c_ex.c **** void HAL_I2CEx_DisableFastModePlus(uint32_t ConfigFastModePlus)
 311:drivers/STM32L4xx_HAL_Driver/Src/stm32l4xx_hal_i2c_ex.c **** {
 452              		.loc 1 311 1 is_stmt 1 view -0
 453              		.cfi_startproc
 454              		@ args = 0, pretend = 0, frame = 8
 455              		@ frame_needed = 0, uses_anonymous_args = 0
 456              		@ link register save eliminated.
 457              		.loc 1 311 1 is_stmt 0 view .LVU137
 458 0000 82B0     		sub	sp, sp, #8
 459              	.LCFI2:
 460              		.cfi_def_cfa_offset 8
 312:drivers/STM32L4xx_HAL_Driver/Src/stm32l4xx_hal_i2c_ex.c ****   /* Check the parameter */
 313:drivers/STM32L4xx_HAL_Driver/Src/stm32l4xx_hal_i2c_ex.c ****   assert_param(IS_I2C_FASTMODEPLUS(ConfigFastModePlus));
 461              		.loc 1 313 3 is_stmt 1 view .LVU138
 314:drivers/STM32L4xx_HAL_Driver/Src/stm32l4xx_hal_i2c_ex.c **** 
 315:drivers/STM32L4xx_HAL_Driver/Src/stm32l4xx_hal_i2c_ex.c ****   /* Enable SYSCFG clock */
 316:drivers/STM32L4xx_HAL_Driver/Src/stm32l4xx_hal_i2c_ex.c ****   __HAL_RCC_SYSCFG_CLK_ENABLE();
 462              		.loc 1 316 3 view .LVU139
 463              	.LBB3:
 464              		.loc 1 316 3 view .LVU140
 465              		.loc 1 316 3 view .LVU141
 466 0002 084A     		ldr	r2, .L23
 467 0004 116E     		ldr	r1, [r2, #96]
 468 0006 41F00101 		orr	r1, r1, #1
 469 000a 1166     		str	r1, [r2, #96]
 470              		.loc 1 316 3 view .LVU142
 471 000c 126E     		ldr	r2, [r2, #96]
 472 000e 02F00102 		and	r2, r2, #1
 473 0012 0192     		str	r2, [sp, #4]
 474              		.loc 1 316 3 view .LVU143
 475 0014 019B     		ldr	r3, [sp, #4]
 476              	.LBE3:
 477              		.loc 1 316 3 view .LVU144
 317:drivers/STM32L4xx_HAL_Driver/Src/stm32l4xx_hal_i2c_ex.c **** 
 318:drivers/STM32L4xx_HAL_Driver/Src/stm32l4xx_hal_i2c_ex.c ****   /* Disable fast mode plus driving capability for selected pin */
 319:drivers/STM32L4xx_HAL_Driver/Src/stm32l4xx_hal_i2c_ex.c ****   CLEAR_BIT(SYSCFG->CFGR1, (uint32_t)ConfigFastModePlus);
 478              		.loc 1 319 3 view .LVU145
 479 0016 044A     		ldr	r2, .L23+4
 480 0018 5368     		ldr	r3, [r2, #4]
 481 001a 23EA0003 		bic	r3, r3, r0
 482 001e 5360     		str	r3, [r2, #4]
 320:drivers/STM32L4xx_HAL_Driver/Src/stm32l4xx_hal_i2c_ex.c **** }
 483              		.loc 1 320 1 is_stmt 0 view .LVU146
 484 0020 02B0     		add	sp, sp, #8
 485              	.LCFI3:
ARM GAS  C:\Users\mikal\AppData\Local\Temp\cca7VBOd.s 			page 15


 486              		.cfi_def_cfa_offset 0
 487              		@ sp needed
 488 0022 7047     		bx	lr
 489              	.L24:
 490              		.align	2
 491              	.L23:
 492 0024 00100240 		.word	1073876992
 493 0028 00000140 		.word	1073807360
 494              		.cfi_endproc
 495              	.LFE137:
 497              		.text
 498              	.Letext0:
 499              		.file 2 "c:\\gnu arm embedded toolchain\\10 2021.07\\arm-none-eabi\\include\\machine\\_default_typ
 500              		.file 3 "c:\\gnu arm embedded toolchain\\10 2021.07\\arm-none-eabi\\include\\sys\\_stdint.h"
 501              		.file 4 "drivers/CMSIS/Device/ST/STM32L4xx/Include/stm32l475xx.h"
 502              		.file 5 "drivers/STM32L4xx_HAL_Driver/Inc/stm32l4xx_hal_def.h"
 503              		.file 6 "drivers/STM32L4xx_HAL_Driver/Inc/stm32l4xx_hal_dma.h"
 504              		.file 7 "drivers/STM32L4xx_HAL_Driver/Inc/stm32l4xx_hal_i2c.h"
ARM GAS  C:\Users\mikal\AppData\Local\Temp\cca7VBOd.s 			page 16


DEFINED SYMBOLS
                            *ABS*:00000000 stm32l4xx_hal_i2c_ex.c
C:\Users\mikal\AppData\Local\Temp\cca7VBOd.s:18     .text.HAL_I2CEx_ConfigAnalogFilter:00000000 $t
C:\Users\mikal\AppData\Local\Temp\cca7VBOd.s:26     .text.HAL_I2CEx_ConfigAnalogFilter:00000000 HAL_I2CEx_ConfigAnalogFilter
C:\Users\mikal\AppData\Local\Temp\cca7VBOd.s:116    .text.HAL_I2CEx_ConfigDigitalFilter:00000000 $t
C:\Users\mikal\AppData\Local\Temp\cca7VBOd.s:123    .text.HAL_I2CEx_ConfigDigitalFilter:00000000 HAL_I2CEx_ConfigDigitalFilter
C:\Users\mikal\AppData\Local\Temp\cca7VBOd.s:214    .text.HAL_I2CEx_EnableWakeUp:00000000 $t
C:\Users\mikal\AppData\Local\Temp\cca7VBOd.s:221    .text.HAL_I2CEx_EnableWakeUp:00000000 HAL_I2CEx_EnableWakeUp
C:\Users\mikal\AppData\Local\Temp\cca7VBOd.s:300    .text.HAL_I2CEx_DisableWakeUp:00000000 $t
C:\Users\mikal\AppData\Local\Temp\cca7VBOd.s:307    .text.HAL_I2CEx_DisableWakeUp:00000000 HAL_I2CEx_DisableWakeUp
C:\Users\mikal\AppData\Local\Temp\cca7VBOd.s:386    .text.HAL_I2CEx_EnableFastModePlus:00000000 $t
C:\Users\mikal\AppData\Local\Temp\cca7VBOd.s:393    .text.HAL_I2CEx_EnableFastModePlus:00000000 HAL_I2CEx_EnableFastModePlus
C:\Users\mikal\AppData\Local\Temp\cca7VBOd.s:436    .text.HAL_I2CEx_EnableFastModePlus:00000024 $d
C:\Users\mikal\AppData\Local\Temp\cca7VBOd.s:442    .text.HAL_I2CEx_DisableFastModePlus:00000000 $t
C:\Users\mikal\AppData\Local\Temp\cca7VBOd.s:449    .text.HAL_I2CEx_DisableFastModePlus:00000000 HAL_I2CEx_DisableFastModePlus
C:\Users\mikal\AppData\Local\Temp\cca7VBOd.s:492    .text.HAL_I2CEx_DisableFastModePlus:00000024 $d

NO UNDEFINED SYMBOLS
